INFO  2026-05-05 23:21:47,764 serena.cli:health_check:936 - Starting health check for project: /Users/hyeon-yongchan/Desktop/lovebuge
INFO  2026-05-05 23:21:47,764 serena.cli:health_check:940 - Creating SerenaAgent with disabled dashboard...
INFO  2026-05-05 23:21:47,764 serena.util.file_system:_load_gitignore_files:152 - Processing .gitignore file: /Users/hyeon-yongchan/Desktop/lovebuge/.serena/.gitignore
INFO  2026-05-05 23:21:47,766 serena.util.file_system:stop:336 - Loading of .gitignore files completed in 0.002 seconds
INFO  2026-05-05 23:21:47,766 serena.project:stop:336 - Gathering ignore spec for project lovebuge completed in 0.002 seconds
INFO  2026-05-05 23:21:47,776 serena.agent:__init__:608 - Will record tool usage statistics with token count estimator: CHAR_COUNT.
INFO  2026-05-05 23:21:47,790 serena.agent:__init__:612 - Starting Serena server (version=1.2.0, process id=88352, parent process id=88349; language backend=LSP); Python version=3.14.0, platform=macOS-26.3.1-arm64-arm-64bit-Mach-O
INFO  2026-05-05 23:21:47,791 serena.agent:__init__:616 - Configuration file: /Users/hyeon-yongchan/.serena/serena_config.yml
INFO  2026-05-05 23:21:47,791 serena.agent:__init__:617 - Available projects: lovebuge
INFO  2026-05-05 23:21:47,791 serena.agent:__init__:618 - Loaded tools (52): create_text_file, replace_content, delete_lines, replace_lines, insert_at_line, replace_symbol_body, insert_after_symbol, insert_before_symbol, read_file, list_dir, find_file, search_for_pattern, restart_language_server, get_symbols_overview, find_symbol, find_referencing_symbols, find_implementations, find_declaration, get_diagnostics_for_file, get_diagnostics_for_symbol, rename_symbol, safe_delete_symbol, write_memory, read_memory, list_memories, delete_memory, rename_memory, edit_memory, execute_shell_command, open_dashboard, activate_project, remove_project, get_current_config, check_onboarding_performed, onboarding, initial_instructions, serena_info, jet_brains_find_symbol, jet_brains_move, jet_brains_safe_delete, jet_brains_inline_symbol, jet_brains_find_referencing_symbols, jet_brains_get_symbols_overview, jet_brains_type_hierarchy, jet_brains_find_declaration, jet_brains_find_implementations, jet_brains_rename, jet_brains_debug, jet_brains_run_inspections, jet_brains_list_inspections, list_queryable_projects, query_project
INFO  2026-05-05 23:21:47,791 serena.agent:__init__:630 - Using language backend from global configuration: LSP
INFO  2026-05-05 23:21:47,801 serena.config.serena_config:start:329 - Loading project instance for RegisteredProject[project_root=/Users/hyeon-yongchan/Desktop/lovebuge, project_config=ProjectConfig[project_name=lovebuge]] starting ...
INFO  2026-05-05 23:21:47,802 serena.project:__init__:281 - Serena project data folder: /Users/hyeon-yongchan/Desktop/lovebuge/.serena
INFO  2026-05-05 23:21:47,802 serena.project:start:329 - Gathering ignore spec for project lovebuge starting ...
INFO  2026-05-05 23:21:47,802 serena.config.serena_config:stop:336 - Loading project instance for RegisteredProject[project_root=/Users/hyeon-yongchan/Desktop/lovebuge, project_config=ProjectConfig[project_name=lovebuge]] completed in 0.000 seconds
INFO  2026-05-05 23:21:47,802 serena.agent:activate_project_from_path_or_name:1148 - Found registered project 'lovebuge' at path /Users/hyeon-yongchan/Desktop/lovebuge
INFO  2026-05-05 23:21:47,802 serena.agent:_activate_project:1085 - Activating lovebuge at /Users/hyeon-yongchan/Desktop/lovebuge
INFO  2026-05-05 23:21:47,802 serena.util.file_system:start:329 - Loading of .gitignore files starting ...
INFO  2026-05-05 23:21:47,802 serena.task_executor:issue_task:192 - Scheduling Task-1:init_language_server_manager
INFO  2026-05-05 23:21:47,802 serena.agent:_update_active_modes:1014 - Active modes (2): editing, interactive
INFO  2026-05-05 23:21:47,802 serena.util.file_system:_load_gitignore_files:152 - Processing .gitignore file: /Users/hyeon-yongchan/Desktop/lovebuge/.gitignore
INFO  2026-05-05 23:21:47,802 serena.util.file_system:_load_gitignore_files:152 - Processing .gitignore file: /Users/hyeon-yongchan/Desktop/lovebuge/.serena/.gitignore
INFO  2026-05-05 23:21:47,804 serena.agent:_create_base_toolset:775 - Number of exposed tools: 29
INFO  2026-05-05 23:21:47,804 serena.agent:__init__:654 - Number of exposed tools: 29. Exposed tools: ['activate_project', 'check_onboarding_performed', 'create_text_file', 'delete_memory', 'edit_memory', 'execute_shell_command', 'find_declaration', 'find_file', 'find_implementations', 'find_referencing_symbols', 'find_symbol', 'get_current_config', 'get_diagnostics_for_file', 'get_symbols_overview', 'initial_instructions', 'insert_after_symbol', 'insert_before_symbol', 'list_dir', 'list_memories', 'onboarding', 'read_file', 'read_memory', 'rename_memory', 'rename_symbol', 'replace_content', 'replace_symbol_body', 'safe_delete_symbol', 'search_for_pattern', 'write_memory']
INFO  2026-05-05 23:21:47,805 serena.agent:_update_active_tools:1032 - Active tools (29): activate_project, check_onboarding_performed, create_text_file, delete_memory, edit_memory, execute_shell_command, find_declaration, find_file, find_implementations, find_referencing_symbols, find_symbol, get_current_config, get_diagnostics_for_file, get_symbols_overview, initial_instructions, insert_after_symbol, insert_before_symbol, list_dir, list_memories, onboarding, read_file, read_memory, rename_memory, rename_symbol, replace_content, replace_symbol_body, safe_delete_symbol, search_for_pattern, write_memory
INFO  2026-05-05 23:21:47,806 serena.util.file_system:stop:336 - Loading of .gitignore files completed in 0.004 seconds
INFO  2026-05-05 23:21:47,806 serena.project:stop:336 - Gathering ignore spec for project lovebuge completed in 0.004 seconds
INFO  2026-05-05 23:21:47,891 serena.task_executor:_process_task_queue:123 - Starting execution of Task-1:init_language_server_manager
INFO  2026-05-05 23:21:47,891 serena.task_executor:start:329 - Task-1:init_language_server_manager starting ...
INFO  2026-05-05 23:21:47,892 serena.agent:start:329 - Language server initialization starting ...
INFO  2026-05-05 23:21:47,892 serena.project:create_language_server_manager:653 - Creating language server manager for /Users/hyeon-yongchan/Desktop/lovebuge
INFO  2026-05-05 23:21:47,892 sensai.util.logging:start:329 - Language server startup (language=typescript) starting ...
INFO  2026-05-05 23:21:47,892 serena.ls_manager:create_language_server:50 - Creating language server instance for /Users/hyeon-yongchan/Desktop/lovebuge, language=typescript.
INFO  2026-05-05 23:21:47,910 solidlsp.ls:_load_raw_document_symbols_cache:2982 - Loading document symbols cache from /Users/hyeon-yongchan/Desktop/lovebuge/.serena/cache/typescript/raw_document_symbols.pkl
INFO  2026-05-05 23:21:47,912 solidlsp.ls:_load_raw_document_symbols_cache:2987 - Loaded 5 entries from raw document symbols cache.
INFO  2026-05-05 23:21:47,912 solidlsp.ls:_load_document_symbols_cache:3017 - Loading document symbols cache from /Users/hyeon-yongchan/Desktop/lovebuge/.serena/cache/typescript/document_symbols.pkl
INFO  2026-05-05 23:21:47,915 solidlsp.ls:_load_document_symbols_cache:3022 - Loaded 6 entries from document symbols cache.
INFO  2026-05-05 23:21:47,920 solidlsp.ls:start:3113 - Starting language server with language typescript for /Users/hyeon-yongchan/Desktop/lovebuge
INFO  2026-05-05 23:21:47,920 solidlsp.language_servers.typescript_language_server:_start_server:367 - Starting TypeScript server process
INFO  2026-05-05 23:21:47,920 solidlsp.ls_process:start:193 - Starting language server process via command: ['/Users/hyeon-yongchan/.serena/language_servers/static/TypeScriptLanguageServer/ts-lsp/node_modules/.bin/typescript-language-server', '--stdio']
INFO  2026-05-05 23:21:47,923 solidlsp.language_servers.typescript_language_server:_start_server:371 - Sending initialize request from LSP client to LSP server and awaiting response
INFO  2026-05-05 23:21:47,982 solidlsp.language_servers.typescript_language_server:window_log_message:304 - LSP: window/logMessage: {'type': 3, 'message': 'Using Typescript version (bundled) 5.9.3 from path "/Users/hyeon-yongchan/.serena/language_servers/static/TypeScriptLanguageServer/ts-lsp/node_modules/typescript/lib/tsserver.js"'}
INFO  2026-05-05 23:21:47,986 solidlsp.language_servers.typescript_language_server:handle_typescript_version:312 - TypeScript server version notification received: {'version': '5.9.3', 'source': 'bundled'}
INFO  2026-05-05 23:21:47,987 solidlsp.language_servers.typescript_language_server:_start_server:386 - TypeScript server is ready
INFO  2026-05-05 23:21:47,987 solidlsp.language_servers.typescript_language_server:_start_server:396 - Waiting for TypeScript project indexing to complete (if async)...
INFO  2026-05-05 23:21:47,987 solidlsp.language_servers.typescript_language_server:_start_server:398 - TypeScript project indexing complete
INFO  2026-05-05 23:21:47,987 sensai.util.logging:stop:336 - Language server startup (language=typescript) completed in 0.095 seconds
INFO  2026-05-05 23:21:47,987 serena.agent:stop:336 - Language server initialization completed in 0.095 seconds
INFO  2026-05-05 23:21:47,987 serena.task_executor:stop:336 - Task-1:init_language_server_manager completed in 0.095 seconds
INFO  2026-05-05 23:21:48,962 serena.cli:health_check:943 - SerenaAgent created successfully
INFO  2026-05-05 23:21:48,962 serena.cli:health_check:946 - Searching for analyzable files...
INFO  2026-05-05 23:21:48,966 serena.cli:health_check:955 - Found analyzable file: vite.config.js
INFO  2026-05-05 23:21:48,966 serena.cli:health_check:973 - Testing GetSymbolsOverviewTool on file: vite.config.js
INFO  2026-05-05 23:21:48,966 serena.task_executor:issue_task:192 - Scheduling Task-2:<lambda>
INFO  2026-05-05 23:21:49,025 serena.task_executor:_process_task_queue:123 - Starting execution of Task-2:<lambda>
INFO  2026-05-05 23:21:49,025 serena.task_executor:start:329 - Task-2:<lambda> starting ...
INFO  2026-05-05 23:21:49,026 serena.task_executor:stop:336 - Task-2:<lambda> completed in 0.001 seconds
INFO  2026-05-05 23:21:49,027 serena.cli:health_check:975 - GetSymbolsOverviewTool returned: [{'name': 'default', 'kind': 'Constant'}]
INFO  2026-05-05 23:21:49,027 serena.cli:health_check:994 - No class or function found, using first available symbol
INFO  2026-05-05 23:21:49,027 serena.cli:health_check:998 - Using symbol for testing: default (kind: Constant)
INFO  2026-05-05 23:21:49,027 serena.cli:health_check:1001 - Testing FindSymbolTool for symbol: default
INFO  2026-05-05 23:21:49,027 serena.task_executor:issue_task:192 - Scheduling Task-3:<lambda>
INFO  2026-05-05 23:21:49,129 serena.task_executor:_process_task_queue:123 - Starting execution of Task-3:<lambda>
INFO  2026-05-05 23:21:49,130 serena.task_executor:start:329 - Task-3:<lambda> starting ...
INFO  2026-05-05 23:21:49,131 serena.task_executor:stop:336 - Task-3:<lambda> completed in 0.001 seconds
INFO  2026-05-05 23:21:49,131 serena.cli:health_check:1006 - FindSymbolTool found 1 matches for symbol default
INFO  2026-05-05 23:21:49,131 serena.cli:health_check:1009 - Testing FindReferencingSymbolsTool for symbol: default
INFO  2026-05-05 23:21:49,131 serena.task_executor:issue_task:192 - Scheduling Task-4:<lambda>
INFO  2026-05-05 23:21:49,231 serena.task_executor:_process_task_queue:123 - Starting execution of Task-4:<lambda>
INFO  2026-05-05 23:21:49,231 serena.task_executor:start:329 - Task-4:<lambda> starting ...
INFO  2026-05-05 23:21:51,262 serena.task_executor:stop:336 - Task-4:<lambda> completed in 2.031 seconds
INFO  2026-05-05 23:21:51,262 serena.cli:health_check:1013 - FindReferencingSymbolsTool found 0 references for symbol default
INFO  2026-05-05 23:21:51,262 serena.cli:health_check:1019 - Testing SearchForPatternTool for pattern: default
INFO  2026-05-05 23:21:51,262 serena.task_executor:issue_task:192 - Scheduling Task-5:<lambda>
INFO  2026-05-05 23:21:51,367 serena.task_executor:_process_task_queue:123 - Starting execution of Task-5:<lambda>
INFO  2026-05-05 23:21:51,367 serena.task_executor:start:329 - Task-5:<lambda> starting ...
INFO  2026-05-05 23:21:51,374 serena.util.text_utils:search_files:364 - Processing 6 files.
INFO  2026-05-05 23:21:51,398 serena.util.text_utils:search_files:405 - Found 3 total matches across 6 files
INFO  2026-05-05 23:21:51,398 serena.task_executor:stop:336 - Task-5:<lambda> completed in 0.031 seconds
INFO  2026-05-05 23:21:51,398 serena.cli:health_check:1026 - SearchForPatternTool found 3 pattern matches for default
INFO  2026-05-05 23:21:51,398 serena.cli:health_check:1040 - Health check completed successfully
